--2020-03-31 13:05:31.765 - INFO 10960 --- [main] com.mt.mtuser.MtUserApplicationTests     : The following profiles are active: dev
--2020-03-31 13:05:32.270 - INFO 10960 --- [main] .s.d.r.c.RepositoryConfigurationDelegate : Multiple Spring Data modules found, entering strict repository configuration mode!
--2020-03-31 13:05:32.271 - INFO 10960 --- [main] .s.d.r.c.RepositoryConfigurationDelegate : Bootstrapping Spring Data R2DBC repositories in DEFAULT mode.
--2020-03-31 13:05:32.536 - INFO 10960 --- [main] .RepositoryConfigurationExtensionSupport : Spring Data R2DBC - Could not safely identify store assignment for repository candidate interface com.mt.mtuser.dao.room.BaseRoomDao. If you want this repository to be a R2DBC repository, consider annotating your entities with one of these annotations: org.springframework.data.relational.core.mapping.Table (preferred), or consider extending one of the following types with your repository: org.springframework.data.r2dbc.repository.R2dbcRepository.
--2020-03-31 13:05:32.571 - INFO 10960 --- [main] .s.d.r.c.RepositoryConfigurationDelegate : Finished Spring Data repository scanning in 294ms. Found 10 R2DBC repository interfaces.
--2020-03-31 13:05:32.892 - INFO 10960 --- [main] .s.d.r.c.RepositoryConfigurationDelegate : Multiple Spring Data modules found, entering strict repository configuration mode!
--2020-03-31 13:05:32.894 - INFO 10960 --- [main] .s.d.r.c.RepositoryConfigurationDelegate : Bootstrapping Spring Data Redis repositories in DEFAULT mode.
--2020-03-31 13:05:32.952 - INFO 10960 --- [main] .RepositoryConfigurationExtensionSupport : Spring Data Redis - Could not safely identify store assignment for repository candidate interface com.mt.mtuser.dao.CompanyDao. If you want this repository to be a Redis repository, consider annotating your entities with one of these annotations: org.springframework.data.redis.core.RedisHash (preferred), or consider extending one of the following types with your repository: org.springframework.data.keyvalue.repository.KeyValueRepository.
--2020-03-31 13:05:32.953 - INFO 10960 --- [main] .RepositoryConfigurationExtensionSupport : Spring Data Redis - Could not safely identify store assignment for repository candidate interface com.mt.mtuser.dao.RoleDao. If you want this repository to be a Redis repository, consider annotating your entities with one of these annotations: org.springframework.data.redis.core.RedisHash (preferred), or consider extending one of the following types with your repository: org.springframework.data.keyvalue.repository.KeyValueRepository.
--2020-03-31 13:05:32.954 - INFO 10960 --- [main] .RepositoryConfigurationExtensionSupport : Spring Data Redis - Could not safely identify store assignment for repository candidate interface com.mt.mtuser.dao.RoomRecordDao. If you want this repository to be a Redis repository, consider annotating your entities with one of these annotations: org.springframework.data.redis.core.RedisHash (preferred), or consider extending one of the following types with your repository: org.springframework.data.keyvalue.repository.KeyValueRepository.
--2020-03-31 13:05:32.954 - INFO 10960 --- [main] .RepositoryConfigurationExtensionSupport : Spring Data Redis - Could not safely identify store assignment for repository candidate interface com.mt.mtuser.dao.StockDao. If you want this repository to be a Redis repository, consider annotating your entities with one of these annotations: org.springframework.data.redis.core.RedisHash (preferred), or consider extending one of the following types with your repository: org.springframework.data.keyvalue.repository.KeyValueRepository.
--2020-03-31 13:05:32.955 - INFO 10960 --- [main] .RepositoryConfigurationExtensionSupport : Spring Data Redis - Could not safely identify store assignment for repository candidate interface com.mt.mtuser.dao.UserDao. If you want this repository to be a Redis repository, consider annotating your entities with one of these annotations: org.springframework.data.redis.core.RedisHash (preferred), or consider extending one of the following types with your repository: org.springframework.data.keyvalue.repository.KeyValueRepository.
--2020-03-31 13:05:32.956 - INFO 10960 --- [main] .RepositoryConfigurationExtensionSupport : Spring Data Redis - Could not safely identify store assignment for repository candidate interface com.mt.mtuser.dao.UserRoleDao. If you want this repository to be a Redis repository, consider annotating your entities with one of these annotations: org.springframework.data.redis.core.RedisHash (preferred), or consider extending one of the following types with your repository: org.springframework.data.keyvalue.repository.KeyValueRepository.
--2020-03-31 13:05:32.957 - INFO 10960 --- [main] .RepositoryConfigurationExtensionSupport : Spring Data Redis - Could not safely identify store assignment for repository candidate interface com.mt.mtuser.dao.room.BaseRoomDao. If you want this repository to be a Redis repository, consider annotating your entities with one of these annotations: org.springframework.data.redis.core.RedisHash (preferred), or consider extending one of the following types with your repository: org.springframework.data.keyvalue.repository.KeyValueRepository.
--2020-03-31 13:05:32.958 - INFO 10960 --- [main] .RepositoryConfigurationExtensionSupport : Spring Data Redis - Could not safely identify store assignment for repository candidate interface com.mt.mtuser.dao.room.ClickRoomDao. If you want this repository to be a Redis repository, consider annotating your entities with one of these annotations: org.springframework.data.redis.core.RedisHash (preferred), or consider extending one of the following types with your repository: org.springframework.data.keyvalue.repository.KeyValueRepository.
--2020-03-31 13:05:32.959 - INFO 10960 --- [main] .RepositoryConfigurationExtensionSupport : Spring Data Redis - Could not safely identify store assignment for repository candidate interface com.mt.mtuser.dao.room.DoubleRoomDao. If you want this repository to be a Redis repository, consider annotating your entities with one of these annotations: org.springframework.data.redis.core.RedisHash (preferred), or consider extending one of the following types with your repository: org.springframework.data.keyvalue.repository.KeyValueRepository.
--2020-03-31 13:05:32.960 - INFO 10960 --- [main] .RepositoryConfigurationExtensionSupport : Spring Data Redis - Could not safely identify store assignment for repository candidate interface com.mt.mtuser.dao.room.TimelyRoomDao. If you want this repository to be a Redis repository, consider annotating your entities with one of these annotations: org.springframework.data.redis.core.RedisHash (preferred), or consider extending one of the following types with your repository: org.springframework.data.keyvalue.repository.KeyValueRepository.
--2020-03-31 13:05:32.961 - INFO 10960 --- [main] .RepositoryConfigurationExtensionSupport : Spring Data Redis - Could not safely identify store assignment for repository candidate interface com.mt.mtuser.dao.room.TimingRoomDao. If you want this repository to be a Redis repository, consider annotating your entities with one of these annotations: org.springframework.data.redis.core.RedisHash (preferred), or consider extending one of the following types with your repository: org.springframework.data.keyvalue.repository.KeyValueRepository.
--2020-03-31 13:05:32.962 - INFO 10960 --- [main] .s.d.r.c.RepositoryConfigurationDelegate : Finished Spring Data repository scanning in 55ms. Found 0 Redis repository interfaces.
--2020-03-31 13:05:33.250 - INFO 10960 --- [main] o.s.cloud.context.scope.GenericScope     : BeanFactory id=d4bc5be3-5fc4-3ce1-9a6f-acc7176fda90
--2020-03-31 13:05:33.492 - INFO 10960 --- [main] trationDelegate$BeanPostProcessorChecker : Bean 'org.springframework.security.config.annotation.method.configuration.ReactiveMethodSecurityConfiguration' of type [org.springframework.security.config.annotation.method.configuration.ReactiveMethodSecurityConfiguration] is not eligible for getting processed by all BeanPostProcessors (for example: not eligible for auto-proxying)
--2020-03-31 13:05:33.518 - INFO 10960 --- [main] trationDelegate$BeanPostProcessorChecker : Bean 'methodSecurityExpressionHandler' of type [org.springframework.security.access.expression.method.DefaultMethodSecurityExpressionHandler] is not eligible for getting processed by all BeanPostProcessors (for example: not eligible for auto-proxying)
--2020-03-31 13:05:33.528 - INFO 10960 --- [main] trationDelegate$BeanPostProcessorChecker : Bean 'methodMetadataSource' of type [org.springframework.security.access.method.DelegatingMethodSecurityMetadataSource] is not eligible for getting processed by all BeanPostProcessors (for example: not eligible for auto-proxying)
--2020-03-31 13:05:33.575 - INFO 10960 --- [main] trationDelegate$BeanPostProcessorChecker : Bean 'org.springframework.cloud.client.loadbalancer.reactive.LoadBalancerBeanPostProcessorAutoConfiguration' of type [org.springframework.cloud.client.loadbalancer.reactive.LoadBalancerBeanPostProcessorAutoConfiguration] is not eligible for getting processed by all BeanPostProcessors (for example: not eligible for auto-proxying)
--2020-03-31 13:05:33.578 - INFO 10960 --- [main] trationDelegate$BeanPostProcessorChecker : Bean 'org.springframework.cloud.client.loadbalancer.reactive.LoadBalancerBeanPostProcessorAutoConfiguration$ReactiveLoadBalancerConfig' of type [org.springframework.cloud.client.loadbalancer.reactive.LoadBalancerBeanPostProcessorAutoConfiguration$ReactiveLoadBalancerConfig] is not eligible for getting processed by all BeanPostProcessors (for example: not eligible for auto-proxying)
--2020-03-31 13:05:33.585 - INFO 10960 --- [main] trationDelegate$BeanPostProcessorChecker : Bean 'deferringLoadBalancerExchangeFilterFunction' of type [org.springframework.cloud.client.loadbalancer.reactive.DeferringLoadBalancerExchangeFilterFunction] is not eligible for getting processed by all BeanPostProcessors (for example: not eligible for auto-proxying)
--2020-03-31 13:05:36.006 - INFO 10960 --- [main] ctiveUserDetailsServiceAutoConfiguration : 

Using generated security password: be5a369f-d47b-4452-9e12-42d8b3deff2b

--2020-03-31 13:05:36.270 - WARN 10960 --- [main] c.n.c.sources.URLConfigurationSource     : No URLs will be polled as dynamic configuration sources.
--2020-03-31 13:05:36.270 - INFO 10960 --- [main] c.n.c.sources.URLConfigurationSource     : To enable URLs as dynamic configuration sources, define System property archaius.configurationSource.additionalUrls or make config.properties available on classpath.
--2020-03-31 13:05:36.282 - WARN 10960 --- [main] c.n.c.sources.URLConfigurationSource     : No URLs will be polled as dynamic configuration sources.
--2020-03-31 13:05:36.282 - INFO 10960 --- [main] c.n.c.sources.URLConfigurationSource     : To enable URLs as dynamic configuration sources, define System property archaius.configurationSource.additionalUrls or make config.properties available on classpath.
--2020-03-31 13:05:37.942 - INFO 10960 --- [main] o.s.s.c.ThreadPoolTaskScheduler          : Initializing ExecutorService 'Nacso-Watch-Task-Scheduler'
--2020-03-31 13:05:39.063 - INFO 10960 --- [main] com.alibaba.nacos.client.naming          : initializer namespace from System Property :null
--2020-03-31 13:05:39.063 - INFO 10960 --- [main] com.alibaba.nacos.client.naming          : initializer namespace from System Environment :null
--2020-03-31 13:05:39.064 - INFO 10960 --- [main] com.alibaba.nacos.client.naming          : initializer namespace from System Property :null
--2020-03-31 13:05:41.793 - INFO 10960 --- [main] com.mt.mtuser.MtUserApplicationTests     : Started MtUserApplicationTests in 14.648 seconds (JVM running for 16.305)
--2020-03-31 13:05:41.798 - INFO 10960 --- [main] c.a.n.client.config.impl.ClientWorker    : [fixed-localhost_8848] [subscribe] api-dev.yml+DEFAULT_GROUP
--2020-03-31 13:05:41.799 - INFO 10960 --- [main] c.a.nacos.client.config.impl.CacheData   : [fixed-localhost_8848] [add-listener] ok, tenant=, dataId=api-dev.yml, group=DEFAULT_GROUP, cnt=1
--2020-03-31 13:05:41.800 - INFO 10960 --- [main] c.a.n.client.config.impl.ClientWorker    : [fixed-localhost_8848] [subscribe] api+DEFAULT_GROUP
--2020-03-31 13:05:41.800 - INFO 10960 --- [main] c.a.nacos.client.config.impl.CacheData   : [fixed-localhost_8848] [add-listener] ok, tenant=, dataId=api, group=DEFAULT_GROUP, cnt=1
--2020-03-31 13:05:41.801 - INFO 10960 --- [main] c.a.n.client.config.impl.ClientWorker    : [fixed-localhost_8848] [subscribe] api.yml+DEFAULT_GROUP
--2020-03-31 13:05:41.801 - INFO 10960 --- [main] c.a.nacos.client.config.impl.CacheData   : [fixed-localhost_8848] [add-listener] ok, tenant=, dataId=api.yml, group=DEFAULT_GROUP, cnt=1
--2020-03-31 13:05:43.672 -DEBUG 10960 --- [reactor-tcp-nio-1] o.s.d.r2dbc.core.DefaultDatabaseClient   : Executing SQL statement [select nextval('mt_room_seq')]
--2020-03-31 13:05:43.676 -DEBUG 10960 --- [reactor-tcp-nio-1] o.s.d.r2dbc.core.NamedParameterExpander  : Expanding SQL statement [select nextval('mt_room_seq')] to [select nextval('mt_room_seq')]
--2020-03-31 13:07:52.693 - INFO 3812 --- [main] com.mt.mtuser.MtUserApplicationTests     : The following profiles are active: dev
--2020-03-31 13:07:53.223 - INFO 3812 --- [main] .s.d.r.c.RepositoryConfigurationDelegate : Multiple Spring Data modules found, entering strict repository configuration mode!
--2020-03-31 13:07:53.224 - INFO 3812 --- [main] .s.d.r.c.RepositoryConfigurationDelegate : Bootstrapping Spring Data R2DBC repositories in DEFAULT mode.
--2020-03-31 13:07:53.478 - INFO 3812 --- [main] .RepositoryConfigurationExtensionSupport : Spring Data R2DBC - Could not safely identify store assignment for repository candidate interface com.mt.mtuser.dao.room.BaseRoomDao. If you want this repository to be a R2DBC repository, consider annotating your entities with one of these annotations: org.springframework.data.relational.core.mapping.Table (preferred), or consider extending one of the following types with your repository: org.springframework.data.r2dbc.repository.R2dbcRepository.
--2020-03-31 13:07:53.513 - INFO 3812 --- [main] .s.d.r.c.RepositoryConfigurationDelegate : Finished Spring Data repository scanning in 285ms. Found 10 R2DBC repository interfaces.
--2020-03-31 13:07:53.818 - INFO 3812 --- [main] .s.d.r.c.RepositoryConfigurationDelegate : Multiple Spring Data modules found, entering strict repository configuration mode!
--2020-03-31 13:07:53.820 - INFO 3812 --- [main] .s.d.r.c.RepositoryConfigurationDelegate : Bootstrapping Spring Data Redis repositories in DEFAULT mode.
--2020-03-31 13:07:53.875 - INFO 3812 --- [main] .RepositoryConfigurationExtensionSupport : Spring Data Redis - Could not safely identify store assignment for repository candidate interface com.mt.mtuser.dao.CompanyDao. If you want this repository to be a Redis repository, consider annotating your entities with one of these annotations: org.springframework.data.redis.core.RedisHash (preferred), or consider extending one of the following types with your repository: org.springframework.data.keyvalue.repository.KeyValueRepository.
--2020-03-31 13:07:53.876 - INFO 3812 --- [main] .RepositoryConfigurationExtensionSupport : Spring Data Redis - Could not safely identify store assignment for repository candidate interface com.mt.mtuser.dao.RoleDao. If you want this repository to be a Redis repository, consider annotating your entities with one of these annotations: org.springframework.data.redis.core.RedisHash (preferred), or consider extending one of the following types with your repository: org.springframework.data.keyvalue.repository.KeyValueRepository.
--2020-03-31 13:07:53.877 - INFO 3812 --- [main] .RepositoryConfigurationExtensionSupport : Spring Data Redis - Could not safely identify store assignment for repository candidate interface com.mt.mtuser.dao.RoomRecordDao. If you want this repository to be a Redis repository, consider annotating your entities with one of these annotations: org.springframework.data.redis.core.RedisHash (preferred), or consider extending one of the following types with your repository: org.springframework.data.keyvalue.repository.KeyValueRepository.
--2020-03-31 13:07:53.877 - INFO 3812 --- [main] .RepositoryConfigurationExtensionSupport : Spring Data Redis - Could not safely identify store assignment for repository candidate interface com.mt.mtuser.dao.StockDao. If you want this repository to be a Redis repository, consider annotating your entities with one of these annotations: org.springframework.data.redis.core.RedisHash (preferred), or consider extending one of the following types with your repository: org.springframework.data.keyvalue.repository.KeyValueRepository.
--2020-03-31 13:07:53.877 - INFO 3812 --- [main] .RepositoryConfigurationExtensionSupport : Spring Data Redis - Could not safely identify store assignment for repository candidate interface com.mt.mtuser.dao.UserDao. If you want this repository to be a Redis repository, consider annotating your entities with one of these annotations: org.springframework.data.redis.core.RedisHash (preferred), or consider extending one of the following types with your repository: org.springframework.data.keyvalue.repository.KeyValueRepository.
--2020-03-31 13:07:53.878 - INFO 3812 --- [main] .RepositoryConfigurationExtensionSupport : Spring Data Redis - Could not safely identify store assignment for repository candidate interface com.mt.mtuser.dao.UserRoleDao. If you want this repository to be a Redis repository, consider annotating your entities with one of these annotations: org.springframework.data.redis.core.RedisHash (preferred), or consider extending one of the following types with your repository: org.springframework.data.keyvalue.repository.KeyValueRepository.
--2020-03-31 13:07:53.878 - INFO 3812 --- [main] .RepositoryConfigurationExtensionSupport : Spring Data Redis - Could not safely identify store assignment for repository candidate interface com.mt.mtuser.dao.room.BaseRoomDao. If you want this repository to be a Redis repository, consider annotating your entities with one of these annotations: org.springframework.data.redis.core.RedisHash (preferred), or consider extending one of the following types with your repository: org.springframework.data.keyvalue.repository.KeyValueRepository.
--2020-03-31 13:07:53.879 - INFO 3812 --- [main] .RepositoryConfigurationExtensionSupport : Spring Data Redis - Could not safely identify store assignment for repository candidate interface com.mt.mtuser.dao.room.ClickRoomDao. If you want this repository to be a Redis repository, consider annotating your entities with one of these annotations: org.springframework.data.redis.core.RedisHash (preferred), or consider extending one of the following types with your repository: org.springframework.data.keyvalue.repository.KeyValueRepository.
--2020-03-31 13:07:53.879 - INFO 3812 --- [main] .RepositoryConfigurationExtensionSupport : Spring Data Redis - Could not safely identify store assignment for repository candidate interface com.mt.mtuser.dao.room.DoubleRoomDao. If you want this repository to be a Redis repository, consider annotating your entities with one of these annotations: org.springframework.data.redis.core.RedisHash (preferred), or consider extending one of the following types with your repository: org.springframework.data.keyvalue.repository.KeyValueRepository.
--2020-03-31 13:07:53.880 - INFO 3812 --- [main] .RepositoryConfigurationExtensionSupport : Spring Data Redis - Could not safely identify store assignment for repository candidate interface com.mt.mtuser.dao.room.TimelyRoomDao. If you want this repository to be a Redis repository, consider annotating your entities with one of these annotations: org.springframework.data.redis.core.RedisHash (preferred), or consider extending one of the following types with your repository: org.springframework.data.keyvalue.repository.KeyValueRepository.
--2020-03-31 13:07:53.880 - INFO 3812 --- [main] .RepositoryConfigurationExtensionSupport : Spring Data Redis - Could not safely identify store assignment for repository candidate interface com.mt.mtuser.dao.room.TimingRoomDao. If you want this repository to be a Redis repository, consider annotating your entities with one of these annotations: org.springframework.data.redis.core.RedisHash (preferred), or consider extending one of the following types with your repository: org.springframework.data.keyvalue.repository.KeyValueRepository.
--2020-03-31 13:07:53.880 - INFO 3812 --- [main] .s.d.r.c.RepositoryConfigurationDelegate : Finished Spring Data repository scanning in 49ms. Found 0 Redis repository interfaces.
--2020-03-31 13:07:54.156 - INFO 3812 --- [main] o.s.cloud.context.scope.GenericScope     : BeanFactory id=d4bc5be3-5fc4-3ce1-9a6f-acc7176fda90
--2020-03-31 13:07:54.387 - INFO 3812 --- [main] trationDelegate$BeanPostProcessorChecker : Bean 'org.springframework.security.config.annotation.method.configuration.ReactiveMethodSecurityConfiguration' of type [org.springframework.security.config.annotation.method.configuration.ReactiveMethodSecurityConfiguration] is not eligible for getting processed by all BeanPostProcessors (for example: not eligible for auto-proxying)
--2020-03-31 13:07:54.409 - INFO 3812 --- [main] trationDelegate$BeanPostProcessorChecker : Bean 'methodSecurityExpressionHandler' of type [org.springframework.security.access.expression.method.DefaultMethodSecurityExpressionHandler] is not eligible for getting processed by all BeanPostProcessors (for example: not eligible for auto-proxying)
--2020-03-31 13:07:54.419 - INFO 3812 --- [main] trationDelegate$BeanPostProcessorChecker : Bean 'methodMetadataSource' of type [org.springframework.security.access.method.DelegatingMethodSecurityMetadataSource] is not eligible for getting processed by all BeanPostProcessors (for example: not eligible for auto-proxying)
--2020-03-31 13:07:54.468 - INFO 3812 --- [main] trationDelegate$BeanPostProcessorChecker : Bean 'org.springframework.cloud.client.loadbalancer.reactive.LoadBalancerBeanPostProcessorAutoConfiguration' of type [org.springframework.cloud.client.loadbalancer.reactive.LoadBalancerBeanPostProcessorAutoConfiguration] is not eligible for getting processed by all BeanPostProcessors (for example: not eligible for auto-proxying)
--2020-03-31 13:07:54.471 - INFO 3812 --- [main] trationDelegate$BeanPostProcessorChecker : Bean 'org.springframework.cloud.client.loadbalancer.reactive.LoadBalancerBeanPostProcessorAutoConfiguration$ReactiveLoadBalancerConfig' of type [org.springframework.cloud.client.loadbalancer.reactive.LoadBalancerBeanPostProcessorAutoConfiguration$ReactiveLoadBalancerConfig] is not eligible for getting processed by all BeanPostProcessors (for example: not eligible for auto-proxying)
--2020-03-31 13:07:54.478 - INFO 3812 --- [main] trationDelegate$BeanPostProcessorChecker : Bean 'deferringLoadBalancerExchangeFilterFunction' of type [org.springframework.cloud.client.loadbalancer.reactive.DeferringLoadBalancerExchangeFilterFunction] is not eligible for getting processed by all BeanPostProcessors (for example: not eligible for auto-proxying)
--2020-03-31 13:07:56.960 - INFO 3812 --- [main] ctiveUserDetailsServiceAutoConfiguration : 

Using generated security password: dc936416-c6b6-4739-9e0e-07ff722868fe

--2020-03-31 13:07:57.181 - WARN 3812 --- [main] c.n.c.sources.URLConfigurationSource     : No URLs will be polled as dynamic configuration sources.
--2020-03-31 13:07:57.181 - INFO 3812 --- [main] c.n.c.sources.URLConfigurationSource     : To enable URLs as dynamic configuration sources, define System property archaius.configurationSource.additionalUrls or make config.properties available on classpath.
--2020-03-31 13:07:57.192 - WARN 3812 --- [main] c.n.c.sources.URLConfigurationSource     : No URLs will be polled as dynamic configuration sources.
--2020-03-31 13:07:57.193 - INFO 3812 --- [main] c.n.c.sources.URLConfigurationSource     : To enable URLs as dynamic configuration sources, define System property archaius.configurationSource.additionalUrls or make config.properties available on classpath.
--2020-03-31 13:07:58.873 - INFO 3812 --- [main] o.s.s.c.ThreadPoolTaskScheduler          : Initializing ExecutorService 'Nacso-Watch-Task-Scheduler'
--2020-03-31 13:08:00.040 - INFO 3812 --- [main] com.alibaba.nacos.client.naming          : initializer namespace from System Property :null
--2020-03-31 13:08:00.041 - INFO 3812 --- [main] com.alibaba.nacos.client.naming          : initializer namespace from System Environment :null
--2020-03-31 13:08:00.042 - INFO 3812 --- [main] com.alibaba.nacos.client.naming          : initializer namespace from System Property :null
--2020-03-31 13:08:02.712 - INFO 3812 --- [main] com.mt.mtuser.MtUserApplicationTests     : Started MtUserApplicationTests in 14.538 seconds (JVM running for 16.213)
--2020-03-31 13:08:02.717 - INFO 3812 --- [main] c.a.n.client.config.impl.ClientWorker    : [fixed-localhost_8848] [subscribe] api-dev.yml+DEFAULT_GROUP
--2020-03-31 13:08:02.718 - INFO 3812 --- [main] c.a.nacos.client.config.impl.CacheData   : [fixed-localhost_8848] [add-listener] ok, tenant=, dataId=api-dev.yml, group=DEFAULT_GROUP, cnt=1
--2020-03-31 13:08:02.719 - INFO 3812 --- [main] c.a.n.client.config.impl.ClientWorker    : [fixed-localhost_8848] [subscribe] api+DEFAULT_GROUP
--2020-03-31 13:08:02.719 - INFO 3812 --- [main] c.a.nacos.client.config.impl.CacheData   : [fixed-localhost_8848] [add-listener] ok, tenant=, dataId=api, group=DEFAULT_GROUP, cnt=1
--2020-03-31 13:08:02.720 - INFO 3812 --- [main] c.a.n.client.config.impl.ClientWorker    : [fixed-localhost_8848] [subscribe] api.yml+DEFAULT_GROUP
--2020-03-31 13:08:02.720 - INFO 3812 --- [main] c.a.nacos.client.config.impl.CacheData   : [fixed-localhost_8848] [add-listener] ok, tenant=, dataId=api.yml, group=DEFAULT_GROUP, cnt=1
--2020-03-31 13:08:04.439 -DEBUG 3812 --- [reactor-tcp-nio-1] o.s.d.r2dbc.core.DefaultDatabaseClient   : Executing SQL statement [select nextval('mt_room_seq')]
--2020-03-31 13:08:04.443 -DEBUG 3812 --- [reactor-tcp-nio-1] o.s.d.r2dbc.core.NamedParameterExpander  : Expanding SQL statement [select nextval('mt_room_seq')] to [select nextval('mt_room_seq')]
--2020-03-31 13:08:04.456 - INFO 3812 --- [main @coroutine#1] BaseRoomService                          : 构建房间id:I4
mm:ss.SSSmm:ss.SSSmm:ss.SSSmm:ss.SSSmm:ss.SSSmm:ss.SSSmm:ss.SSSmm:ss.SSSmm:ss.SSSmm:ss.SSSmm:ss.SSSmm:ss.SSSmm:ss.SSSmm:ss.SSSmm:ss.SSSmm:ss.SSSmm:ss.SSSmm:ss.SSSmm:ss.SSSmm:ss.SSSmm:ss.SSSmm:ss.SSSmm:ss.SSSmm:ss.SSSmm:ss.SSSmm:ss.SSSmm:ss.SSSmm:ss.SSSmm:ss.SSSmm:ss.SSSmm:ss.SSSmm:ss.SSSmm:ss.SSSmm:ss.SSSmm:ss.SSSmm:ss.SSSmm:ss.SSSmm:ss.SSSmm:ss.SSSmm:ss.SSSmm:ss.SSSmm:ss.SSSmm:ss.SSSmm:ss.SSSmm:ss.SSS